\BOOKMARK [1][-]{section*.3}{\376\377\000I\000n\000h\000a\000l\000t\000s\000v\000e\000r\000z\000e\000i\000c\000h\000n\000i\000s}{}% 1
\BOOKMARK [1][-]{section.1}{\376\377\000E\000i\000n\000l\000e\000i\000t\000u\000n\000g}{}% 2
\BOOKMARK [2][-]{subsection.1.1}{\376\377\000G\000e\000g\000e\000n\000s\000t\000a\000n\000d\000\040\000u\000n\000d\000\040\000M\000o\000t\000i\000v\000a\000t\000i\000o\000n}{section.1}% 3
\BOOKMARK [2][-]{subsection.1.2}{\376\377\000Z\000i\000e\000l\000s\000e\000t\000z\000u\000n\000g}{section.1}% 4
\BOOKMARK [1][-]{section.2}{\376\377\000G\000r\000u\000n\000d\000l\000a\000g\000e\000n}{}% 5
\BOOKMARK [2][-]{subsection.2.1}{\376\377\000I\000L\000I\000A\000S}{section.2}% 6
\BOOKMARK [2][-]{subsection.2.2}{\376\377\000C\000r\000o\000s\000s\000-\000S\000i\000t\000e\000-\000S\000c\000r\000i\000p\000t\000i\000n\000g}{section.2}% 7
\BOOKMARK [3][-]{subsubsection.2.2.1}{\376\377\000C\000V\000E\000-\0002\0000\0001\0008\000-\0005\0006\0008\0008}{subsection.2.2}% 8
\BOOKMARK [2][-]{subsection.2.3}{\376\377\000I\000m\000a\000g\000e\000M\000a\000g\000i\000c\000k}{section.2}% 9
\BOOKMARK [3][-]{subsubsection.2.3.1}{\376\377\000C\000V\000E\000-\0002\0000\0001\0006\000-\0003\0007\0001\0004\000\040\000\050\000I\000m\000a\000g\000e\000T\000r\000a\000g\000i\000c\000k\000\051}{subsection.2.3}% 10
\BOOKMARK [2][-]{subsection.2.4}{\376\377\000P\000r\000i\000v\000i\000l\000e\000g\000e\000\040\000E\000s\000c\000a\000l\000a\000t\000i\000o\000n}{section.2}% 11
\BOOKMARK [3][-]{subsubsection.2.4.1}{\376\377\000C\000V\000E\000-\0002\0000\0001\0009\000-\0001\0004\0002\0008\0007\000\040\000\050\000S\000u\000d\000o\000\051}{subsection.2.4}% 12
\BOOKMARK [3][-]{subsubsection.2.4.2}{\376\377\000F\000e\000h\000l\000k\000o\000n\000f\000i\000g\000u\000r\000a\000t\000i\000o\000n\000\040\000\050\000/\000e\000t\000c\000/\000p\000s\000s\000s\000w\000d\000\051}{subsection.2.4}% 13
\BOOKMARK [1][-]{section.3}{\376\377\000T\000e\000c\000h\000n\000o\000l\000o\000g\000i\000e\000n}{}% 14
\BOOKMARK [2][-]{subsection.3.1}{\376\377\000D\000o\000c\000k\000e\000r}{section.3}% 15
\BOOKMARK [2][-]{subsection.3.2}{\376\377\000V\000i\000r\000t\000u\000e\000l\000l\000e\000\040\000M\000a\000s\000c\000h\000i\000n\000e\000\040\000m\000i\000t\000\040\000e\000i\000n\000e\000m\000\040\000U\000b\000u\000n\000t\000u\000\040\000B\000e\000t\000r\000i\000e\000b\000s\000s\000y\000s\000t\000e\000m}{section.3}% 16
\BOOKMARK [2][-]{subsection.3.3}{\376\377\000M\000y\000S\000Q\000L\000\040\000D\000a\000t\000e\000n\000b\000a\000n\000k}{section.3}% 17
\BOOKMARK [2][-]{subsection.3.4}{\376\377\000A\000p\000a\000c\000h\000e\000\040\000S\000e\000r\000v\000e\000r\000\040\000m\000i\000t\000\040\000e\000i\000n\000e\000m\000\040\000D\000e\000b\000i\000a\000n\000\040\000B\000e\000t\000r\000i\000e\000b\000s\000s\000y\000s\000t\000e\000m}{section.3}% 18
\BOOKMARK [2][-]{subsection.3.5}{\376\377\000I\000L\000I\000A\000S\000\040\000m\000i\000t\000\040\000I\000m\000a\000g\000e\000M\000a\000g\000i\000c\000k}{section.3}% 19
\BOOKMARK [2][-]{subsection.3.6}{\376\377\000S\000e\000l\000e\000n\000i\000u\000m}{section.3}% 20
\BOOKMARK [1][-]{section.4}{\376\377\000S\000t\000o\000r\000y\000l\000i\000n\000e}{}% 21
\BOOKMARK [1][-]{section.5}{\376\377\000M\000u\000s\000t\000e\000r\000l\000\366\000s\000u\000n\000g}{}% 22
\BOOKMARK [2][-]{subsection.5.1}{\376\377\000V\000i\000r\000t\000u\000e\000l\000l\000e\000\040\000M\000a\000s\000c\000h\000i\000n\000e\000\040\0001}{section.5}% 23
\BOOKMARK [3][-]{subsubsection.5.1.1}{\376\377\000E\000r\000l\000a\000n\000g\000e\000n\000\040\000d\000e\000r\000\040\000l\000o\000g\000i\000n\000\040\000c\000r\000e\000d\000e\000n\000t\000i\000a\000l\000s\000\040\000d\000u\000r\000c\000h\000\040\000X\000S\000S\000\040\000S\000c\000h\000w\000a\000c\000h\000s\000t\000e\000l\000l\000e}{subsection.5.1}% 24
\BOOKMARK [3][-]{subsubsection.5.1.2}{\376\377\000F\000i\000n\000d\000e\000n\000\040\000d\000e\000r\000\040\000L\000o\000g\000i\000n\000\040\000S\000e\000i\000t\000e\000\040\000m\000i\000t\000\040\000G\000o\000b\000u\000s\000t\000e\000r}{subsection.5.1}% 25
\BOOKMARK [3][-]{subsubsection.5.1.3}{\376\377\000K\000n\000a\000c\000k\000e\000n\000\040\000d\000e\000s\000\040\000S\000S\000H\000\040\000P\000a\000s\000s\000w\000o\000r\000t\000s\000\040\000m\000i\000t\000\040\000H\000y\000d\000r\000a}{subsection.5.1}% 26
\BOOKMARK [2][-]{subsection.5.2}{\376\377\000V\000i\000r\000t\000u\000e\000l\000l\000e\000\040\000M\000a\000s\000c\000h\000i\000n\000e\000\040\0002}{section.5}% 27
\BOOKMARK [3][-]{subsubsection.5.2.1}{\376\377\000I\000m\000a\000g\000e\000M\000a\000g\000i\000c\000k\000\040\000S\000c\000h\000w\000a\000c\000h\000s\000t\000e\000l\000l\000e\000\040\000f\000i\000n\000d\000e\000n\000\040\000u\000n\000d\000\040\000P\000a\000y\000l\000o\000a\000d\000\040\000e\000r\000s\000t\000e\000l\000l\000e\000n}{subsection.5.2}% 28
\BOOKMARK [3][-]{subsubsection.5.2.2}{\376\377\000V\000e\000r\000b\000i\000n\000d\000u\000n\000g\000\040\000m\000i\000t\000t\000e\000l\000s\000\040\000R\000e\000v\000e\000r\000s\000e\000\040\000S\000h\000e\000l\000l\000\040\000h\000e\000r\000s\000t\000e\000l\000l\000e\000n\000\040\000u\000n\000d\000\040\000s\000t\000a\000b\000i\000l\000i\000s\000i\000e\000r\000e\000n}{subsection.5.2}% 29
\BOOKMARK [3][-]{subsubsection.5.2.3}{\376\377\000S\000c\000a\000n\000\040\000a\000u\000f\000\040\000S\000c\000h\000w\000a\000c\000h\000s\000t\000e\000l\000l\000e\000n}{subsection.5.2}% 30
\BOOKMARK [3][-]{subsubsection.5.2.4}{\376\377\000P\000r\000i\000v\000i\000l\000e\000g\000e\000\040\000E\000s\000c\000a\000l\000a\000t\000i\000o\000n\000\040\000u\000n\000t\000e\000r\000\040\000A\000u\000s\000n\000u\000t\000z\000u\000n\000g\000\040\000d\000e\000r\000\040\000/\000e\000t\000c\000/\000p\000a\000s\000s\000w\000d\000\040\000D\000a\000t\000e\000i}{subsection.5.2}% 31
\BOOKMARK [3][-]{subsubsection.5.2.5}{\376\377\000P\000r\000i\000v\000i\000l\000e\000g\000e\000\040\000E\000s\000c\000a\000l\000a\000t\000i\000o\000n\000\040\000u\000n\000t\000e\000r\000\040\000A\000u\000s\000n\000u\000t\000z\000u\000n\000g\000\040\000S\000u\000d\000o\000\040\000V\000e\000r\000s\000i\000o\000n\000\040\0001\000.\0008\000.\0002\0007}{subsection.5.2}% 32
\BOOKMARK [1][-]{section.6}{\376\377\000L\000e\000s\000s\000o\000n\000s\000\040\000L\000e\000a\000r\000n\000e\000d}{}% 33
\BOOKMARK [2][-]{subsection.6.1}{\376\377\000T\000r\000y\000H\000a\000c\000k\000M\000e\000\040\000L\000i\000m\000i\000t\000a\000t\000i\000o\000n\000e\000n}{section.6}% 34
\BOOKMARK [2][-]{subsection.6.2}{\376\377\000V\000i\000r\000t\000u\000e\000l\000l\000e\000\040\000M\000a\000s\000c\000h\000i\000n\000e\000\040\0001}{section.6}% 35
\BOOKMARK [3][-]{subsubsection.6.2.1}{\376\377\000S\000e\000l\000b\000s\000t\000s\000t\000\344\000n\000d\000i\000g\000e\000s\000\040\000E\000r\000s\000t\000e\000l\000l\000e\000n\000\040\000e\000i\000n\000e\000s\000\040\000D\000o\000c\000k\000e\000r\000\040\000I\000m\000a\000g\000e\000s\000\040\000a\000u\000f\000\040\000B\000a\000s\000i\000s\000\040\000v\000o\000n\000\040\000s\000t\000u\000r\000a\000i}{subsection.6.2}% 36
\BOOKMARK [3][-]{subsubsection.6.2.2}{\376\377\000X\000S\000S\000\040\000S\000c\000h\000w\000a\000c\000h\000s\000t\000e\000l\000l\000e}{subsection.6.2}% 37
\BOOKMARK [3][-]{subsubsection.6.2.3}{\376\377\000E\000i\000n\000f\000\374\000g\000e\000n\000\040\000e\000i\000n\000e\000s\000\040\000g\000e\000l\000b\000e\000n\000\040\000B\000a\000n\000n\000e\000r\000s\000\040\000a\000u\000f\000\040\000d\000e\000r\000\040\040\036\000M\000y\000\040\000W\000o\000r\000k\000p\000l\000a\000c\000e\040\034\000-\000S\000e\000i\000t\000e\000\040\000i\000n\000\040\000I\000L\000I\000A\000S}{subsection.6.2}% 38
\BOOKMARK [3][-]{subsubsection.6.2.4}{\376\377\000V\000e\000r\000s\000t\000e\000c\000k\000e\000n\000\040\000d\000e\000r\000\040\000I\000L\000I\000A\000S\000\040\000L\000o\000g\000i\000n\000s\000e\000i\000t\000e}{subsection.6.2}% 39
\BOOKMARK [3][-]{subsubsection.6.2.5}{\376\377\000V\000e\000r\000b\000i\000n\000d\000u\000n\000g\000s\000a\000u\000f\000b\000a\000u\000\040\000z\000u\000m\000\040\000D\000o\000c\000k\000e\000r\000\040\000C\000o\000n\000t\000a\000i\000n\000e\000r\000\040\000\374\000b\000e\000r\000\040\000S\000S\000H}{subsection.6.2}% 40
\BOOKMARK [3][-]{subsubsection.6.2.6}{\376\377\000S\000e\000l\000e\000n\000i\000u\000m}{subsection.6.2}% 41
\BOOKMARK [2][-]{subsection.6.3}{\376\377\000V\000i\000r\000t\000u\000e\000l\000l\000e\000\040\000M\000a\000s\000c\000h\000i\000n\000e\000\040\0002}{section.6}% 42
\BOOKMARK [3][-]{subsubsection.6.3.1}{\376\377\000I\000m\000a\000g\000e\000M\000a\000g\000i\000c\000k\000\040\000E\000x\000p\000l\000o\000i\000t\000\040\000u\000n\000d\000\040\000a\000n\000s\000c\000h\000l\000i\000e\000\337\000e\000n\000d\000e\000s\000\040\000s\000t\000a\000b\000i\000l\000i\000s\000i\000e\000r\000e\000n\000\040\000e\000i\000n\000e\000r\000\040\000R\000e\000v\000e\000r\000s\000e\000\040\000S\000h\000e\000l\000l}{subsection.6.3}% 43
\BOOKMARK [3][-]{subsubsection.6.3.2}{\376\377\000I\000m\000a\000g\000e\000M\000a\000g\000i\000c\000k\000\040\000P\000f\000a\000d}{subsection.6.3}% 44
\BOOKMARK [3][-]{subsubsection.6.3.3}{\376\377\000V\000e\000r\000s\000i\000o\000n\000e\000n\000\040\000I\000m\000a\000g\000e\000M\000a\000g\000i\000c\000k\000\040\000u\000n\000d\000\040\000S\000u\000d\000o}{subsection.6.3}% 45
\BOOKMARK [1][-]{section.7}{\376\377\000L\000i\000t\000e\000r\000a\000t\000u\000r\000v\000e\000r\000z\000e\000i\000c\000h\000n\000i\000s}{}% 46
\BOOKMARK [1][-]{section.8}{\376\377\000A\000b\000k\000\374\000r\000z\000u\000n\000g\000s\000v\000e\000r\000z\000e\000i\000c\000h\000n\000i\000s}{}% 47
\BOOKMARK [1][-]{section.9}{\376\377\000A\000n\000h\000a\000n\000g}{}% 48
